Drill report for E:\PCBs\ZX Spectrum\ZX_Multiface_3_1_4D\ZX_Multiface_3_1_4D.kicad_pcb
Created on 01-12-2020 11:33:13 PM

Copper Layer Stackup:
    =============================================================
    L1 :  F.Cu                      front
    L2 :  B.Cu                      back


Drill file 'ZX_Multiface_3_1_4D-PTH.drl' contains
    plated through holes:
    =============================================================
    T1  0,50mm  0,020"  (113 holes)
    T2  0,80mm  0,031"  (246 holes)
    T3  0,90mm  0,035"  (2 holes)
    T4  1,00mm  0,039"  (9 holes)
    T5  1,10mm  0,043"  (8 holes)
    T6  3,20mm  0,126"  (2 holes)
    T7  3,50mm  0,138"  (4 holes)

    Total plated holes count 384


Drill file 'ZX_Multiface_3_1_4D-NPTH.drl' contains
    unplated through holes:
    =============================================================

    Total unplated holes count 0
